werkzeug - WARNING -  * Debugger is active!
werkzeug - INFO -  * Debugger PIN: 291-118-231
root - WARNING - node columns is empty
root - WARNING - node columns is empty
root - WARNING - node columns is empty
root - WARNING - node columns is empty
root - WARNING - node columns is empty
root - WARNING - node_list is empty
root - WARNING - Node is empty
root - WARNING - Node is empty
root - WARNING - node_list is empty
root - WARNING - Node is empty
root - WARNING - Node is empty
root - WARNING - Node is empty
werkzeug - INFO - 127.0.0.1 - - [21/Dec/2021 18:27:40] "[37mGET /tree HTTP/1.1[0m" 200 -
root - WARNING - node columns is empty
root - WARNING - node columns is empty
root - WARNING - node columns is empty
root - WARNING - node columns is empty
root - WARNING - node columns is empty
root - WARNING - node_list is empty
root - WARNING - Node is empty
root - WARNING - Node is empty
root - WARNING - node_list is empty
root - WARNING - Node is empty
root - WARNING - Node is empty
root - WARNING - Node is empty
werkzeug - INFO - 127.0.0.1 - - [21/Dec/2021 18:27:42] "[37mGET /tree HTTP/1.1[0m" 200 -
root - WARNING - node columns is empty
root - WARNING - node columns is empty
root - WARNING - node columns is empty
root - WARNING - node columns is empty
root - WARNING - node columns is empty
root - WARNING - node_list is empty
root - WARNING - Node is empty
root - WARNING - Node is empty
root - WARNING - node_list is empty
root - WARNING - Node is empty
root - WARNING - Node is empty
root - WARNING - Node is empty
werkzeug - INFO - 127.0.0.1 - - [21/Dec/2021 18:27:42] "[37mGET /tree HTTP/1.1[0m" 200 -
root - WARNING - node columns is empty
root - WARNING - node columns is empty
root - WARNING - node columns is empty
root - WARNING - node columns is empty
root - WARNING - node columns is empty
root - WARNING - node_list is empty
root - WARNING - Node is empty
root - WARNING - Node is empty
root - WARNING - node_list is empty
root - WARNING - Node is empty
root - WARNING - Node is empty
root - WARNING - Node is empty
werkzeug - INFO - 127.0.0.1 - - [21/Dec/2021 18:27:43] "[37mGET /tree HTTP/1.1[0m" 200 -
